2013/05/17 17:11:54 - Server running on port 5000
2013/05/17 17:12:12 - GET /
2013/05/17 17:12:12 - GET /favicon.ico
2013/05/17 17:12:45 - GET /mytest
2013/05/17 17:12:45 - GET /favicon.ico
2013/05/17 17:14:24 - Server running on port 5000
2013/05/17 17:14:31 - GET /mytest
2013/05/17 17:14:31 - GET /favicon.ico
2013/05/17 17:14:35 - GET /mytest
2013/05/17 17:14:35 - GET /favicon.ico
2013/05/17 17:14:36 - GET /mytest
2013/05/17 17:14:36 - GET /favicon.ico
2013/05/17 17:14:36 - GET /mytest
2013/05/17 17:14:37 - GET /favicon.ico
2013/05/17 17:14:37 - GET /mytest
2013/05/17 17:14:37 - GET /favicon.ico
2013/05/17 17:14:37 - GET /mytest
2013/05/17 17:14:37 - GET /mytest
2013/05/17 17:14:38 - GET /mytest
2013/05/17 17:14:38 - GET /mytest
2013/05/17 17:14:38 - GET /mytest
2013/05/17 17:14:38 - GET /mytest
2013/05/17 17:14:38 - GET /mytest
2013/05/17 17:14:39 - GET /mytest
2013/05/17 17:14:39 - GET /mytest
2013/05/17 17:14:39 - GET /mytest
2013/05/17 17:14:39 - GET /mytest
2013/05/17 17:14:39 - GET /mytest
2013/05/17 17:14:40 - GET /mytest
2013/05/17 17:14:40 - GET /mytest
2013/05/17 17:14:40 - GET /favicon.ico
2013/05/17 17:14:40 - GET /favicon.ico
2013/05/17 17:14:41 - GET /favicon.ico
2013/05/17 17:14:41 - GET /favicon.ico
2013/05/17 17:14:41 - GET /favicon.ico
2013/05/17 17:14:41 - GET /favicon.ico
2013/05/17 17:14:41 - GET /favicon.ico
2013/05/17 17:14:41 - GET /favicon.ico
2013/05/17 17:14:42 - GET /favicon.ico
2013/05/17 17:14:42 - GET /favicon.ico
2013/05/17 17:14:42 - GET /favicon.ico
2013/05/17 17:14:42 - GET /favicon.ico
2013/05/17 17:14:42 - GET /favicon.ico
2013/05/17 17:14:42 - GET /favicon.ico
2013/05/17 17:15:10 - Server running on port 5000
2013/05/17 17:15:15 - GET /mytest
2013/05/17 17:16:37 - Server running on port 5000
2013/05/17 17:16:41 - GET /mytest
2013/05/17 17:16:41 - GET /favicon.ico
2013/05/17 17:16:44 - GET /mytest
2013/05/17 17:16:44 - GET /favicon.ico
2013/05/17 17:16:45 - GET /mytest
2013/05/17 17:16:45 - GET /favicon.ico
2013/05/17 17:16:46 - GET /mytest
2013/05/17 17:16:47 - GET /favicon.ico
2013/05/17 17:17:02 - GET /mytest
2013/05/17 17:17:02 - GET /favicon.ico
2013/05/17 17:17:34 - GET /mytest
2013/05/17 17:17:34 - GET /favicon.ico
2013/05/17 17:19:25 - Server running on port 5000
2013/05/17 17:19:34 - GET /mytest
2013/05/17 17:19:34 - GET /favicon.ico
2013/05/17 17:20:36 - Server running on port 5000
2013/05/17 17:20:41 - GET /mytest
2013/05/17 17:20:41 - GET /favicon.ico
2013/05/17 17:20:46 - GET /mytest
2013/05/17 17:20:47 - GET /favicon.ico
2013/05/17 17:20:49 - GET /mytest
2013/05/17 17:20:50 - GET /favicon.ico
2013/05/17 17:23:06 - POST /mytest
2013/05/17 17:23:26 - POST /mytest
2013/05/17 17:23:28 - POST /mytest
2013/05/17 17:23:35 - POST /mytest
2013/05/17 17:23:40 - Server running on port 5000
2013/05/17 17:23:43 - POST /mytest
2013/05/22 09:19:48 - Server running on port 5000
2013/05/22 09:20:49 - GET /mytest
2013/05/22 09:20:49 - GET /favicon.ico
2013/05/22 09:23:28 - GET /mytest
2013/05/22 09:23:28 - GET /favicon.ico
2013/05/22 09:23:45 - GET /mytest
2013/05/22 09:23:46 - GET /mytest
2013/05/22 09:23:51 - GET /mytest
2013/05/22 09:23:59 - GET /mytest
2013/05/22 09:23:59 - GET /favicon.ico
2013/05/22 09:24:25 - GET /mytest
2013/05/22 09:24:28 - GET /mytest
2013/05/22 09:24:29 - GET /mytest
2013/05/22 09:24:30 - GET /mytest
2013/05/22 09:24:37 - GET /mytest
2013/05/22 09:24:52 - GET /mytest
2013/05/22 09:25:27 - Server running on port 5000
2013/05/22 09:25:38 - GET /mytest
2013/05/22 09:25:38 - GET /favicon.ico
2013/05/22 09:25:45 - GET /mytest
2013/05/22 09:25:46 - GET /favicon.ico
2013/05/22 09:25:47 - GET /mytest
2013/05/22 09:25:47 - GET /favicon.ico
2013/05/22 09:25:48 - GET /mytest
2013/05/22 09:25:48 - GET /favicon.ico
2013/05/22 09:26:26 - GET /mytest
2013/05/22 09:26:38 - GET /mytest
2013/05/22 09:26:40 - GET /mytest
2013/05/22 09:26:41 - GET /mytest
2013/05/22 09:26:41 - GET /mytest
2013/05/22 09:26:42 - GET /mytest
2013/05/22 09:26:43 - GET /mytest
2013/05/22 09:26:44 - GET /mytest
2013/05/22 09:26:44 - GET /mytest
2013/05/22 09:26:45 - GET /mytest
2013/05/22 09:26:45 - GET /mytest
2013/05/22 09:26:46 - GET /mytest
2013/05/22 09:26:51 - GET /mytest
2013/05/22 09:26:53 - GET /mytest
2013/05/22 09:26:54 - GET /mytest
2013/05/22 09:26:55 - GET /mytest
2013/05/22 09:26:56 - GET /mytest
2013/05/22 09:26:56 - GET /mytest
2013/05/27 17:05:05 - Server running on port 5000
2013/05/27 17:05:31 - GET /dhtmlxGrid/samples/05_drag_n_drop/01_drag_grid.html
2013/05/27 17:05:31 - GET /dhtmlxGrid/samples/common/css/style.css
2013/05/27 17:05:31 - GET /dhtmlxGrid/codebase/dhtmlxgrid.css
2013/05/27 17:05:31 - GET /dhtmlxGrid/codebase/skins/dhtmlxgrid_dhx_skyblue.css
2013/05/27 17:05:31 - GET /dhtmlxGrid/samples/common/favicon.ico
2013/05/27 17:05:31 - GET /dhtmlxGrid/samples/common/icons/file.gif
2013/05/27 17:05:31 - GET /dhtmlxGrid/samples/common/icons/grid.gif
2013/05/27 17:05:31 - GET /dhtmlxGrid/samples/common/icons/none.gif
2013/05/27 17:05:31 - GET /dhtmlxGrid/samples/common/icons/source.gif
2013/05/27 17:05:31 - GET /dhtmlxGrid/codebase/dhtmlxcommon.js
2013/05/27 17:05:31 - GET /dhtmlxGrid/codebase/dhtmlxgrid.js
2013/05/27 17:05:31 - GET /dhtmlxGrid/codebase/dhtmlxgridcell.js
2013/05/27 17:05:31 - GET /dhtmlxGrid/codebase/ext/dhtmlxgrid_drag.js
2013/05/27 17:05:33 - GET /dhtmlxGrid/samples/common/favicon.ico
2013/05/27 17:05:33 - GET /dhtmlxGrid/samples/common/img/head_bg.png
2013/05/27 17:05:33 - GET /dhtmlxGrid/samples/common/img/logo.png
2013/05/27 17:05:33 - GET /dhtmlxGrid/samples/common/img/search-field.png
2013/05/27 17:05:33 - GET /dhtmlxGrid/samples/common/img/search-button.png
2013/05/27 17:05:33 - GET /dhtmlxGrid/samples/common/img/doc-button_inact.png
2013/05/27 17:05:33 - GET /dhtmlxGrid/samples/common/img/samples-but.png
2013/05/27 17:05:33 - GET /dhtmlxGrid/samples/common/img/arrow.gif
2013/05/27 17:05:33 - GET /dhtmlxGrid/codebase/imgs/sort_desc.gif
2013/05/27 17:05:33 - GET /dhtmlxGrid/codebase/imgs/sky_blue_grid.gif
2013/05/27 17:05:33 - GET /dhtmlxGrid/samples/common/grid.xml
2013/05/27 17:05:33 - GET /dhtmlxGrid/samples/common/dynscroll.xml
2013/05/27 17:05:34 - GET /dhtmlxGrid/samples/common/favicon.ico
2013/05/27 17:05:34 - GET /dhtmlxGrid/samples/common/img/source-bg.gif
2013/05/27 17:05:34 - GET /dhtmlxGrid/samples/common/img/source.gif
2013/05/27 17:05:34 - GET /dhtmlxGrid/samples/common/img/border-dotted-ccc.gif
2013/05/27 17:05:34 - GET /dhtmlxGrid/samples/common/img/footer-logo.gif
2013/05/27 17:05:34 - GET /dhtmlxGrid/samples/common/favicon.ico
2013/05/27 17:05:34 - GET /dhtmlxGrid/codebase/imgs/dyn_down.gif
2013/05/27 17:05:34 - GET /dhtmlxGrid/codebase/imgs/item_chk1.gif
2013/05/27 17:05:34 - GET /dhtmlxGrid/codebase/imgs/radio_chk0.gif
2013/05/27 17:05:34 - GET /dhtmlxGrid/codebase/imgs/dyn_up.gif
2013/05/27 17:05:34 - GET /dhtmlxGrid/codebase/imgs/item_chk0.gif
2013/05/27 17:05:34 - GET /dhtmlxGrid/codebase/imgs/sky_blue_sel.png
2013/05/27 17:05:34 - GET /dhtmlxGrid/codebase/imgs/radio_chk1.gif
2013/05/27 17:05:45 - GET /dhtmlxGrid/codebase/imgs/sort_asc.gif
2013/05/27 17:26:48 - GET /dhtmlxGrid/mydemo/grid.html
2013/05/27 17:26:49 - GET /dhtmlxGrid/mydemo/codebase/dhtmlxgrid.css
2013/05/27 17:26:49 - GET /dhtmlxGrid/mydemo/codebase/dhtmlxcommon.js
2013/05/27 17:26:49 - GET /dhtmlxGrid/mydemo/codebase/dhtmlxgrid.js
2013/05/27 17:26:49 - GET /dhtmlxGrid/mydemo/codebase/dhtmlxgridcell.js
2013/05/27 17:26:49 - GET /dhtmlxGrid/mydemo/codebase/dhtmlxgrid.js
2013/05/27 17:26:49 - GET /dhtmlxGrid/mydemo/codebase/dhtmlxgridcell.js
2013/05/27 17:26:50 - GET /favicon.ico
2013/05/27 17:27:24 - GET /dhtmlxGrid/mydemo/grid.html
2013/05/27 17:27:24 - GET /dhtmlxGrid/mydemo/codebase/dhtmlxgrid.css
2013/05/27 17:27:24 - GET /dhtmlxGrid/codebase/dhtmlxcommon.js
2013/05/27 17:27:24 - GET /dhtmlxGrid/codebase/dhtmlxgrid.js
2013/05/27 17:27:24 - GET /dhtmlxGrid/codebase/dhtmlxgridcell.js
2013/05/27 17:27:26 - GET /dhtmlxGrid/mydemo/codebase/imgs/sort_desc.gif
2013/05/27 17:27:49 - GET /dhtmlxGrid/mydemo/grid.html
2013/05/27 17:27:49 - GET /dhtmlxGrid/mydemo/codebase/dhtmlxgrid.css
2013/05/27 17:27:49 - GET /codebase/dhtmlxcommon.js
2013/05/27 17:27:49 - GET /codebase/dhtmlxgrid.js
2013/05/27 17:27:49 - GET /codebase/dhtmlxgridcell.js
2013/05/27 17:27:49 - GET /codebase/dhtmlxgrid.js
2013/05/27 17:27:49 - GET /codebase/dhtmlxgridcell.js
2013/05/27 17:28:29 - GET /dhtmlxGrid/mydemo/grid.html
2013/05/27 17:28:29 - GET /dhtmlxGrid/mydemo/codebase/dhtmlxgrid.css
2013/05/27 17:28:29 - GET /dhtmlxGrid/codebase/dhtmlxcommon.js
2013/05/27 17:28:29 - GET /dhtmlxGrid/codebase/dhtmlxgrid.js
2013/05/27 17:28:29 - GET /dhtmlxGrid/codebase/dhtmlxgridcell.js
2013/05/27 17:28:30 - GET /dhtmlxGrid/mydemo/codebase/imgs/sort_desc.gif
2013/05/27 17:29:25 - GET /dhtmlxGrid/mydemo/grid.html
2013/05/27 17:29:25 - GET /dhtmlxGrid/mydemo/codebase/dhtmlxgrid.css
2013/05/27 17:29:25 - GET /dhtmlxGrid/codebase/dhtmlxcommon.js
2013/05/27 17:29:25 - GET /dhtmlxGrid/codebase/dhtmlxgrid.js
2013/05/27 17:29:25 - GET /dhtmlxGrid/codebase/dhtmlxgridcell.js
2013/05/27 17:29:27 - GET /dhtmlxGrid/mydemo/codebase/imgs/sort_desc.gif
2013/05/27 17:29:58 - GET /dhtmlxGrid/mydemo/grid.html
2013/05/27 17:29:59 - GET /dhtmlxGrid/codebase/dhtmlxgrid.css
2013/05/27 17:29:59 - GET /dhtmlxGrid/codebase/dhtmlxcommon.js
2013/05/27 17:29:59 - GET /dhtmlxGrid/codebase/dhtmlxgrid.js
2013/05/27 17:29:59 - GET /dhtmlxGrid/codebase/dhtmlxgridcell.js
2013/05/27 17:30:01 - GET /dhtmlxGrid/mydemo/codebase/imgs/sort_desc.gif
2013/05/27 17:30:01 - GET /dhtmlxGrid/codebase/imgs/skin_light_header.png
2013/05/27 17:32:48 - GET /dhtmlxGrid/mydemo/grid.html
2013/05/27 17:32:48 - GET /dhtmlxGrid/codebase/dhtmlxgrid.css
2013/05/27 17:32:48 - GET /dhtmlxGrid/codebase/dhtmlxcommon.js
2013/05/27 17:32:48 - GET /dhtmlxGrid/codebase/dhtmlxgrid.js
2013/05/27 17:32:48 - GET /dhtmlxGrid/codebase/dhtmlxgridcell.js
2013/05/27 17:32:50 - GET /dhtmlxGrid/mydemo/codebase/imgs/sort_desc.gif
2013/05/27 17:32:50 - GET /dhtmlxGrid/codebase/imgs/skin_light_header.png
